app/seeds.txt
com.enestcustomerapp.model.MyOrder: java.lang.String mIsrated
com.enestcustomerapp.model.Category: java.util.List mData
com.enestcustomerapp.model.BannerItem: java.lang.String mId
com.enestcustomerapp.fragment.CategoryFragment_ViewBinding
com.enestcustomerapp.model.Productinfo: java.lang.String mProductWeight
com.enestcustomerapp.model.Area: java.lang.String responseMsg
com.enestcustomerapp.model.UpdateAddress: java.lang.String mResult
com.enestcustomerapp.model.ProductItem: java.util.ArrayList mPrice
com.enestcustomerapp.model.LoginUser
com.enestcustomerapp.activity.ContectusActivity: ContectusActivity()
com.enestcustomerapp.activity.SingActivity
com.enestcustomerapp.model.Noti
com.enestcustomerapp.activity.VerifyPhoneActivity_ViewBinding
com.enestcustomerapp.model.OrderDatum: java.lang.String mOid
com.enestcustomerapp.model.MyOrder: java.lang.String walletDiscount
com.enestcustomerapp.activity.RazerpayActivity: void onPaymentError(int,java.lang.String)
com.enestcustomerapp.model.Order: java.util.List mData
com.enestcustomerapp.model.Home: java.lang.String mResult
com.enestcustomerapp.utils.AutoScrollViewPager: void setCycle(boolean)
com.enestcustomerapp.model.LoginUser: com.enestcustomerapp.model.User mUser
com.enestcustomerapp.model.ReletedProduct: java.util.List mData
com.enestcustomerapp.fragment.OrderSumrryFragment_ViewBinding: OrderSumrryFragment_ViewBinding(com.enestcustomerapp.fragment.OrderSumrryFragment,android.view.View)
com.enestcustomerapp.model.MyOrder: java.lang.String pMethod
com.enestcustomerapp.activity.SelectAreaActivity_ViewBinding
com.enestcustomerapp.model.Couponlist: java.lang.String mCValue
com.enestcustomerapp.activity.TramsAndConditionActivity_ViewBinding
com.enestcustomerapp.model.ResultHome: java.util.List productItems
com.enestcustomerapp.model.SubcatItem
com.enestcustomerapp.activity.RatesActivity: void onViewClicked(android.view.View)
com.enestcustomerapp.model.SubCategory: java.lang.String mResponseMsg
com.enestcustomerapp.model.MyOrder: java.lang.String mResult
com.enestcustomerapp.activity.RatesActivity: RatesActivity()
com.enestcustomerapp.activity.PopRatesActivity
com.enestcustomerapp.model.ResultHome: java.util.List catItems
com.enestcustomerapp.model.CCode: java.lang.String mCcode
com.enestcustomerapp.activity.FirstActivity
com.enestcustomerapp.activity.CoupunActivity_ViewBinding
com.enestcustomerapp.model.TimeDatum: java.lang.String mMaxtime
com.enestcustomerapp.model.Address: java.lang.String uid
com.enestcustomerapp.activity.AboutsActivity
com.enestcustomerapp.model.User: java.lang.String email
com.enestcustomerapp.model.MyOrder: java.lang.String mResponseMsg
com.enestcustomerapp.model.Area: java.util.List data
com.enestcustomerapp.model.User: java.lang.String rdate
com.enestcustomerapp.model.LoginUser: java.lang.String mResult
com.enestcustomerapp.activity.FirstActivity: FirstActivity()
com.enestcustomerapp.model.AddressData: java.lang.String mResponseCode
com.enestcustomerapp.model.User: java.lang.String imei
com.enestcustomerapp.model.AreaD: java.lang.String name
com.enestcustomerapp.model.Contry
com.enestcustomerapp.model.Payment: java.util.List mData
com.enestcustomerapp.model.ResultHome: java.util.List bannerItems
com.enestcustomerapp.activity.MyOrderListActivity_ViewBinding: MyOrderListActivity_ViewBinding(com.enestcustomerapp.activity.MyOrderListActivity,android.view.View)
com.enestcustomerapp.activity.TramsAndConditionActivity: TramsAndConditionActivity()
com.enestcustomerapp.adepter.ReletedItemDaynamicAdp$ViewHolder_ViewBinding
com.enestcustomerapp.model.Couponlist: java.lang.String mCDesc
com.enestcustomerapp.activity.PrivecyPolicyActivity_ViewBinding
com.enestcustomerapp.activity.LoginActivity: LoginActivity()
com.enestcustomerapp.model.Price: java.lang.String mProductPrice
com.enestcustomerapp.model.ReletedProduct
com.enestcustomerapp.model.OrderDatum
com.enestcustomerapp.activity.ChanegPasswordActivity: ChanegPasswordActivity()
...
com.google.android.gms.internal.measurement.zzdf: com.google.android.gms.internal.measurement.zzia zzj
androidx.appcompat.widget.AppCompatImageButton: android.graphics.PorterDuff$Mode getSupportImageTintMode()
com.razorpay.AdvertisingIdUtil$AdvertisingIdAsyncTask
com.razorpay.Lumberjack: void setDisplayDetails(android.content.Context)
com.razorpay.R$styleable: int FontFamilyFont_fontStyle
com.paypal.android.sdk.ds: com.paypal.android.sdk.ds[] values()
com.razorpay.Lumberjack: java.lang.CharSequence getUserAgent()
com.google.firebase.installations.local.PersistedInstallation$RegistrationStatus: com.google.firebase.installations.local.PersistedInstallation$RegistrationStatus[] values()
com.razorpay.R$attr: int actionModeCloseDrawable
com.razorpay.Lumberjack: void clearOrderProperties()
com.razorpay.RzpAssist: boolean isRazorpayOtpReceived()
com.onesignal.JobIntentService$WorkEnqueuer: void serviceProcessingFinished()
com.google.android.material.radiobutton.MaterialRadioButton: android.content.res.ColorStateList getMaterialThemeColorsTintList()
com.google.android.material.card.MaterialCardView: void setChecked(boolean)
com.onesignal.JobIntentService$JobServiceEngineImpl: java.lang.Object mLock
com.razorpay.OtpElfCheckoutPresenterImpl: void onProgressChanges(int,int)
com.google.android.gms.measurement.AppMeasurementService
com.razorpay.Lumberjack: void addQueuedDataToBatch()
io.card.payment.CardType: int cvvLength()
androidx.appcompat.widget.ActionBarOverlayLayout: void setIcon(int)
com.google.android.gms.auth.api.signin.internal.GoogleSignInOptionsExtensionParcelable: android.os.Parcelable$Creator CREATOR
com.razorpay.R$attr: int defaultQueryHint
com.razorpay.BaseConstants: int TLS_ERROR
com.google.android.gms.measurement.internal.AppMeasurementDynamiteService: void onActivityStopped(com.google.android.gms.dynamic.IObjectWrapper,long)
com.razorpay.AnalyticsEvent: com.razorpay.AnalyticsEvent AMAZON_PWAIN_CALLBACK_SUCCESS
com.razorpay.R$drawable: int abc_list_selector_disabled_holo_dark
androidx.appcompat.widget.ContentFrameLayout: android.util.TypedValue getFixedHeightMajor()
com.razorpay.R$string: int common_google_play_services_wear_update_text
com.razorpay.PaymentData: java.lang.String getUserContact()
io.card.payment.CreditCard: int expiryMonth
com.razorpay.BaseConfig: java.lang.String mMagicBaseEndPoint
com.razorpay.Callback: void run(com.razorpay.ResponseObject)
com.google.android.material.circularreveal.cardview.CircularRevealCardView
com.razorpay.AnalyticsEvent: java.lang.String getEventName()
com.razorpay.Lumberjack: java.lang.String DEVICE_NAME
com.razorpay.CheckoutPresenterImpl$CheckoutView: void makeWebViewVisible(int)
com.google.android.material.bottomappbar.BottomAppBar: com.google.android.material.bottomappbar.BottomAppBarTopEdgeTreatment getTopEdgeTreatment()
com.razorpay.CheckoutBridge: void setAppToken(java.lang.String)
com.razorpay.R$style: int Widget_AppCompat_ListPopupWindow
com.razorpay.AnalyticsConstants: java.lang.String AMAZONPAY_SOURCE
com.google.android.material.snackbar.Snackbar$SnackbarLayout: void setBackground(android.graphics.drawable.Drawable)
androidx.appcompat.widget.AppCompatAutoCompleteTextView: void setBackgroundResource(int)
androidx.appcompat.widget.SearchView$SearchAutoComplete: int getSearchViewTextMinWidthDp()
com.razorpay.BaseCheckoutActivity: android.webkit.WebView getWebView(int)
com.razorpay.BaseUtils: void setBaseWebViewSettings()
com.razorpay.R$style: int Platform_V21_AppCompat
com.razorpay.R$attr: int searchViewStyle
androidx.appcompat.widget.SearchView: int getInputType()
com.razorpay.R$color: int switch_thumb_material_dark
com.google.android.material.tabs.TabLayout: android.content.res.ColorStateList getTabRippleColor()
com.razorpay.Checkout: void clearUserData(android.content.Context)
com.razorpay.R$integer
com.google.android.material.chip.Chip: Chip(android.content.Context,android.util.AttributeSet)
com.google.firebase.auth.internal.zzy: android.os.Parcelable$Creator CREATOR