app/unused.txt
com.enestcustomerapp.R$anim
com.enestcustomerapp.BuildConfig
com.enestcustomerapp.model.DynamicData:
    public void setTitle(java.lang.String)
    public void setDynamicItems(java.util.List)
com.enestcustomerapp.model.Order:
    public void setData(java.util.List)
    public java.lang.String getResponseCode()
    public void setResponseCode(java.lang.String)
    public void setResponseMsg(java.lang.String)
    public void setResult(java.lang.String)
com.enestcustomerapp.model.AreaD:
    public java.lang.String getId()
    public void setId(java.lang.String)
    public void setName(java.lang.String)
    public void setStatus(java.lang.String)
com.enestcustomerapp.fragment.ItemListFragment:
    public static com.enestcustomerapp.fragment.ItemListFragment getInstance()
com.enestcustomerapp.activity.InfoActivity_ViewBinding:
    public void <init>(com.enestcustomerapp.activity.InfoActivity)
com.enestcustomerapp.MyApplication:
    private static final java.lang.String ONESIGNAL_APP_ID
com.enestcustomerapp.R$drawable
com.enestcustomerapp.activity.NotificationDetailsActivity_ViewBinding:
    public void <init>(com.enestcustomerapp.activity.NotificationDetailsActivity)
com.enestcustomerapp.adepter.CouponAdp$MySpannable:
    public void onClick(android.view.View)
com.enestcustomerapp.activity.FeedBackActivity_ViewBinding:
    public void <init>(com.enestcustomerapp.activity.FeedBackActivity)
com.enestcustomerapp.activity.ForgotActivity_ViewBinding:
    public void <init>(com.enestcustomerapp.activity.ForgotActivity)
com.enestcustomerapp.model.ResNoti:
    public void setData(java.util.List)
    public java.lang.String getResponseCode()
    public void setResponseCode(java.lang.String)
    public void setResult(java.lang.String)
    public java.lang.String getResponseMsg()
    public void setResponseMsg(java.lang.String)
com.enestcustomerapp.R$animator
com.enestcustomerapp.R$id
com.enestcustomerapp.utils.Utiles:
    public void <init>()
    public static java.lang.String getDate()
com.enestcustomerapp.model.LoginUser:
    public int getdCharge()
    public void setdCharge(int)
    public java.lang.String getResponseCode()
    public void setResponseCode(java.lang.String)
    public void setResponseMsg(java.lang.String)
    public void setResult(java.lang.String)
    public void setUser(com.enestcustomerapp.model.User)
com.enestcustomerapp.model.SubcatItem:
    public void setCount(java.lang.String)
    public void setCatId(java.lang.String)
    public void setId(java.lang.String)
    public void setImg(java.lang.String)
    public void setName(java.lang.String)
com.enestcustomerapp.model.SubCategory:
    public void setData(java.util.List)
    public java.lang.String getResponseCode()
    public void setResponseCode(java.lang.String)
    public void setResponseMsg(java.lang.String)
    public void setResult(java.lang.String)
com.enestcustomerapp.R$layout
com.enestcustomerapp.model.Couponlist:
    public void setCDesc(java.lang.String)
    public void setCImg(java.lang.String)
    public java.lang.String getCTMode()
    public void setCTMode(java.lang.String)
    public void setCouponCode(java.lang.String)
    public java.lang.String getCType()
    public void setCType(java.lang.String)
    public void setCValue(java.lang.String)
    public java.lang.String getCdate()
    public void setCdate(java.lang.String)
    public void setId(java.lang.String)
    public void setMinAmt(int)
    public void setMinQuan(int)
    public java.lang.String getNUse()
    public void setNUse(java.lang.String)
    public void setCouponTitle(java.lang.String)
com.enestcustomerapp.model.Category:
    public void setData(java.util.List)
    public java.lang.String getResponseCode()
    public void setResponseCode(java.lang.String)
    public java.lang.String getResponseMsg()
    public void setResponseMsg(java.lang.String)
    public java.lang.String getResult()
    public void setResult(java.lang.String)
com.enestcustomerapp.R$color
...
androidx.appcompat.view.menu.ActionMenuItem:
    public androidx.appcompat.view.menu.ActionMenuItem setExclusiveCheckable(boolean)
    public boolean invoke()
    public boolean requiresActionButton()
    public boolean requiresOverflow()
    private static final int CHECKABLE
    private static final int CHECKED
    private static final int EXCLUSIVE
    private static final int HIDDEN
    private static final int ENABLED
retrofit2.Retrofit:
    public okhttp3.Call$Factory callFactory()
    public okhttp3.HttpUrl baseUrl()
    public java.util.List callAdapterFactories()
    public java.util.List converterFactories()
    public java.util.concurrent.Executor callbackExecutor()
    public retrofit2.Retrofit$Builder newBuilder()
androidx.recyclerview.widget.StaggeredGridLayoutManager$LayoutParams:
    public void <init>(androidx.recyclerview.widget.RecyclerView$LayoutParams)
    public void setFullSpan(boolean)
    public static final int INVALID_SPAN_ID
com.google.firebase.installations.remote.FirebaseInstallationServiceClient:
    public void deleteFirebaseInstallation(java.lang.String,java.lang.String,java.lang.String,java.lang.String)
    private boolean shouldServerErrorRetry
    private static final java.lang.String FIREBASE_INSTALLATIONS_API_DOMAIN
    private static final java.lang.String CREATE_REQUEST_RESOURCE_NAME_FORMAT
    private static final java.lang.String GENERATE_AUTH_TOKEN_REQUEST_RESOURCE_NAME_FORMAT
    private static final java.lang.String DELETE_REQUEST_RESOURCE_NAME_FORMAT
    private static final java.lang.String FIREBASE_INSTALLATIONS_API_VERSION
    private static final java.lang.String FIREBASE_INSTALLATION_AUTH_VERSION
    private static final java.lang.String CONTENT_TYPE_HEADER_KEY
    private static final java.lang.String ACCEPT_HEADER_KEY
    private static final java.lang.String JSON_CONTENT_TYPE
    private static final java.lang.String CONTENT_ENCODING_HEADER_KEY
    private static final java.lang.String GZIP_CONTENT_ENCODING
    private static final java.lang.String CACHE_CONTROL_HEADER_KEY
    private static final java.lang.String CACHE_CONTROL_DIRECTIVE
    private static final java.lang.String FIREBASE_INSTALLATIONS_ID_HEARTBEAT_TAG
    private static final java.lang.String HEART_BEAT_HEADER
    private static final java.lang.String USER_AGENT_HEADER
    private static final java.lang.String X_ANDROID_PACKAGE_HEADER_KEY
kotlin.io.TerminateException
androidx.browser.trusted.sharing.ShareTarget$FileFormField
android.support.v4.media.MediaBrowserCompatApi21$SubscriptionCallback
com.onesignal.R$anim:
    private void <init>()
    public static final int abc_fade_in
    public static final int abc_fade_out
    public static final int abc_grow_fade_in_from_bottom
    public static final int abc_popup_enter
    public static final int abc_popup_exit
    public static final int abc_shrink_fade_out_from_bottom
    public static final int abc_slide_in_bottom
    public static final int abc_slide_in_top
    public static final int abc_slide_out_bottom
    public static final int abc_slide_out_top
    public static final int abc_tooltip_enter
    public static final int abc_tooltip_exit
    public static final int btn_checkbox_to_checked_box_inner_merged_animation
    public static final int btn_checkbox_to_checked_box_outer_merged_animation
    public static final int btn_checkbox_to_checked_icon_null_animation
    public static final int btn_checkbox_to_unchecked_box_inner_merged_animation
    public static final int btn_checkbox_to_unchecked_check_path_merged_animation
    public static final int btn_checkbox_to_unchecked_icon_null_animation
    public static final int btn_radio_to_off_mtrl_dot_group_animation
    public static final int btn_radio_to_off_mtrl_ring_outer_animation
    public static final int btn_radio_to_off_mtrl_ring_outer_path_animation
    public static final int btn_radio_to_on_mtrl_dot_group_animation
    public static final int btn_radio_to_on_mtrl_ring_outer_animation